2018-01-25 09:15:43.003 LoginCommand - User DmitriyOnishchenko login system.
2018-01-25 09:46:48.315 LoginCommand - User null canceled an order
2018-01-25 09:46:48.580 LoginCommand - User nullnull login system.
2018-01-25 09:46:48.596 LoginCommand - User null logout system.
2018-01-25 09:46:48.596 LoginCommand - New user –ò–≤–∞–Ω—Ç–µ—Å—Ç–ü–æ–ª—è–∫–æ–≤—Ç–µ—Å—Ç registered as client.
2018-01-25 09:46:48.596 LoginCommand - User null confirmed an order
2018-01-25 09:46:48.612 LoginCommand - New user –ò–≤–∞–Ω—Ç–µ—Å—Ç–ü–æ–ª—è–∫–æ–≤—Ç–µ—Å—Ç registered as driver.
2018-01-25 10:09:37.217 LoginCommand - New user –ù–∏–∫–æ–ª–∞–π–ò–≤–∞–Ω–æ–≤ registered as client.
2018-01-25 10:10:56.295 LoginCommand - User –ù–∏–∫–æ–ª–∞–π–ò–≤–∞–Ω–æ–≤ login system.
2018-01-25 10:11:55.559 LoginCommand - User –ù–∏–∫–æ–ª–∞–π–ò–≤–∞–Ω–æ–≤ made an order
2018-01-25 10:12:20.580 LoginCommand - User null canceled an order
2018-01-25 10:12:42.911 LoginCommand - User –ù–∏–∫–æ–ª–∞–π–ò–≤–∞–Ω–æ–≤ login system.
2018-01-25 10:13:47.695 LoginCommand - User –ù–∏–∫–æ–ª–∞–π–ò–≤–∞–Ω–æ–≤ made an order
2018-01-25 10:13:54.435 LoginCommand - User –ù–∏–∫–æ–ª–∞–π–ò–≤–∞–Ω–æ–≤ made an order
2018-01-25 10:15:22.289 LoginCommand - User –ù–∏–∫–æ–ª–∞–π –ò–≤–∞–Ω–æ–≤ confirmed an order
2018-01-25 10:15:33.482 LoginCommand - User –ù–∏–∫–æ–ª–∞–π –ò–≤–∞–Ω–æ–≤ logout system.
2018-01-25 10:15:46.713 LoginCommand - User BogdanKovalchuk login system.
2018-01-25 10:16:08.255 LoginCommand - User –ù–∏–∫–æ–ª–∞–π –ò–≤–∞–Ω–æ–≤ logout system.
2018-01-25 10:16:12.701 LoginCommand - User IvanGromov login system.
2018-01-25 10:16:46.643 LoginCommand - User Ivan Gromov logout system.
2018-01-25 10:16:53.902 LoginCommand - User DmitriyOnishchenko login system.
2018-01-25 10:45:06.185 LoginCommand - User Dmitriy Onishchenko logout system.
2018-01-25 10:47:52.914 Dao - Column 'type' cannot be null Create car entry error.
2018-01-25 10:47:52.923 LoginCommand - New user –ë–æ–≥–¥–∞–Ω–õ–∞–ø–∫–∏–Ω registered as driver.
2018-01-25 10:47:56.477 Dao - Column 'type' cannot be null Create car entry error.
2018-01-25 10:47:56.480 LoginCommand - New user –ë–æ–≥–¥–∞–Ω–õ–∞–ø–∫–∏–Ω registered as driver.
2018-01-29 12:54:38.114 LoginCommand - User ¬ÓÎÓ‰ËÏË ÓÒÂÌÍÓ login system.
2018-01-29 12:58:07.456 LoginCommand - User ¬ÓÎÓ‰ËÏË  ÓÒÂÌÍÓ logout system.
2018-02-13 00:44:11.838 LoginCommand - User DmitriyOnishchenko login system.
2018-02-13 00:44:14.781 LoginCommand - User Dmitriy Onishchenko logout system.
2018-02-13 00:44:21.459 LoginCommand - User DmitriyOnishchenko login system.
2018-02-13 01:15:57.322 CommandCreator - Unknown command. Command name: login
2018-02-13 01:21:47.728 LoginCommand - User DmitriyOnishchenko login system.
2018-02-13 01:23:28.858 LoginCommand - User DmitriyOnishchenko login system.
2018-02-13 01:25:04.111 LoginCommand - User Dmitriy Onishchenko logout system.
2018-02-13 01:28:14.143 LoginCommand - User DmitriyOnishchenko login system.
2018-02-13 01:28:55.846 LoginCommand - User DmitriyOnishchenko login system.
2018-02-13 01:29:47.273 LoginCommand - User DmitriyOnishchenko login system.
2018-02-13 01:31:00.478 LoginCommand - User DmitriyOnishchenko login system.
